<?xml version="1.0" encoding="UTF-8"?>
<testng-results skipped="0" failed="0" total="1" passed="1">
  <reporter-output>
  </reporter-output>
  <suite name="Default suite" duration-ms="5610" started-at="2022-02-23T12:46:22Z" finished-at="2022-02-23T12:46:28Z">
    <groups>
    </groups>
    <test name="Default test" duration-ms="5610" started-at="2022-02-23T12:46:22Z" finished-at="2022-02-23T12:46:28Z">
      <class name="com.flipkart.qa.testcases.LoginPageTest">
        <test-method status="PASS" signature="setUp()[pri:0, instance:com.flipkart.qa.testcases.LoginPageTest@3ac3fd8b]" name="setUp" is-config="true" duration-ms="4583" started-at="2022-02-23T18:16:22Z" finished-at="2022-02-23T18:16:27Z">
          <reporter-output>
          </reporter-output>
        </test-method> <!-- setUp -->
        <test-method status="PASS" signature="loginPageTest()[pri:0, instance:com.flipkart.qa.testcases.LoginPageTest@3ac3fd8b]" name="loginPageTest" duration-ms="351" started-at="2022-02-23T18:16:27Z" finished-at="2022-02-23T18:16:27Z">
          <reporter-output>
          </reporter-output>
        </test-method> <!-- loginPageTest -->
        <test-method status="PASS" signature="teardown()[pri:0, instance:com.flipkart.qa.testcases.LoginPageTest@3ac3fd8b]" name="teardown" is-config="true" duration-ms="664" started-at="2022-02-23T18:16:27Z" finished-at="2022-02-23T18:16:28Z">
          <reporter-output>
          </reporter-output>
        </test-method> <!-- teardown -->
      </class> <!-- com.flipkart.qa.testcases.LoginPageTest -->
    </test> <!-- Default test -->
  </suite> <!-- Default suite -->
</testng-results>
